Wed, 17 Jun 2020 17:47:39 wrapper.py[line:39] INFO run base_find_element
 args:(<page.main.Main object at 0x0000019F04BB2788>, ('id', 'com.xueqiu.android:id/home_search'))
 kwargs:{}
Wed, 17 Jun 2020 17:47:40 wrapper.py[line:39] INFO run base_find_element
 args:(<page.Search.Search object at 0x0000019F04BBCC48>, ('id', 'com.xueqiu.android:id/search_input_text'))
 kwargs:{}
Wed, 17 Jun 2020 17:47:42 wrapper.py[line:39] INFO run base_find_element
 args:(<page.Search.Search object at 0x0000019F04BBCC48>, ('id', 'com.xueqiu.android:id/search_input_text'))
 kwargs:{}
Wed, 17 Jun 2020 17:47:44 wrapper.py[line:39] INFO run base_find_element
 args:(<page.Search.Search object at 0x0000019F04BBCC48>, ('xpath', '//*[@resource-id="com.xueqiu.android:id/listview"]/android.widget.RelativeLayout[1]'))
 kwargs:{}
Wed, 17 Jun 2020 17:47:47 wrapper.py[line:39] INFO run base_find_element
 args:(<page.Search.Search object at 0x0000019F04BBCC48>, ('xpath', '//*[@resource-id="com.xueqiu.android:id/ll_stock_result_view"]//*[@text="已添加"]'))
 kwargs:{}
Wed, 17 Jun 2020 17:47:48 wrapper.py[line:39] INFO run base_find_element
 args:(<page.Search.Search object at 0x0000019F04BBCC48>, ('xpath', '//*[@resource-id="com.xueqiu.android:id/ll_stock_result_view"]//*[@text="加自选"]'))
 kwargs:{}
Wed, 17 Jun 2020 17:47:59 wrapper.py[line:39] INFO run base_find_element
 args:(<page.main.Main object at 0x0000019F04BBCF48>, ('id', 'com.xueqiu.android:id/home_search'))
 kwargs:{}
Wed, 17 Jun 2020 17:48:00 wrapper.py[line:39] INFO run base_find_element
 args:(<page.Search.Search object at 0x0000019F04BAABC8>, ('id', 'com.xueqiu.android:id/search_input_text'))
 kwargs:{}
Wed, 17 Jun 2020 17:48:02 wrapper.py[line:39] INFO run base_find_element
 args:(<page.Search.Search object at 0x0000019F04BAABC8>, ('id', 'com.xueqiu.android:id/search_input_text'))
 kwargs:{}
Wed, 17 Jun 2020 17:48:04 wrapper.py[line:39] INFO run base_find_element
 args:(<page.Search.Search object at 0x0000019F04BAABC8>, ('xpath', '//*[@resource-id="com.xueqiu.android:id/listview"]/android.widget.RelativeLayout[1]'))
 kwargs:{}
Wed, 17 Jun 2020 17:48:07 wrapper.py[line:39] INFO run base_find_element
 args:(<page.Search.Search object at 0x0000019F04BAABC8>, ('xpath', '//*[@resource-id="com.xueqiu.android:id/ll_stock_result_view"]//*[@text="已添加"]'))
 kwargs:{}
Wed, 17 Jun 2020 17:48:08 wrapper.py[line:39] INFO run base_find_element
 args:(<page.Search.Search object at 0x0000019F04BAABC8>, ('xpath', '//*[@resource-id="com.xueqiu.android:id/ll_stock_result_view"]//*[@text="加自选"]'))
 kwargs:{}
